{"/Users/asonawane/WebstormProjects/dbConn-Modules/lib/cbConnect.js":{"path":"/Users/asonawane/WebstormProjects/dbConn-Modules/lib/cbConnect.js","s":{"1":1,"2":1,"3":1,"4":1,"5":1,"6":0,"7":0,"8":1},"b":{"1":[1,0]},"f":{"1":1},"fnMap":{"1":{"name":"(anonymous_1)","line":6,"loc":{"start":{"line":6,"column":70},"end":{"line":6,"column":84}}}},"statementMap":{"1":{"start":{"line":3,"column":0},"end":{"line":3,"column":37}},"2":{"start":{"line":5,"column":0},"end":{"line":5,"column":55}},"3":{"start":{"line":6,"column":0},"end":{"line":15,"column":3}},"4":{"start":{"line":8,"column":4},"end":{"line":14,"column":5}},"5":{"start":{"line":9,"column":8},"end":{"line":9,"column":18}},"6":{"start":{"line":12,"column":8},"end":{"line":12,"column":52}},"7":{"start":{"line":13,"column":8},"end":{"line":13,"column":178}},"8":{"start":{"line":16,"column":0},"end":{"line":16,"column":24}}},"branchMap":{"1":{"line":8,"type":"if","locations":[{"start":{"line":8,"column":4},"end":{"line":8,"column":4}},{"start":{"line":8,"column":4},"end":{"line":8,"column":4}}]}}},"/Users/asonawane/WebstormProjects/dbConn-Modules/lib/getDoc.js":{"path":"/Users/asonawane/WebstormProjects/dbConn-Modules/lib/getDoc.js","s":{"1":1,"2":1,"3":3,"4":3,"5":3,"6":2,"7":2,"8":1,"9":1,"10":1},"b":{"1":[2,1]},"f":{"1":3,"2":3},"fnMap":{"1":{"name":"search","line":8,"loc":{"start":{"line":8,"column":17},"end":{"line":8,"column":69}}},"2":{"name":"(anonymous_2)","line":10,"loc":{"start":{"line":10,"column":28},"end":{"line":10,"column":51}}}},"statementMap":{"1":{"start":{"line":4,"column":0},"end":{"line":4,"column":36}},"2":{"start":{"line":8,"column":0},"end":{"line":26,"column":1}},"3":{"start":{"line":10,"column":4},"end":{"line":24,"column":7}},"4":{"start":{"line":11,"column":8},"end":{"line":11,"column":54}},"5":{"start":{"line":13,"column":8},"end":{"line":23,"column":9}},"6":{"start":{"line":14,"column":12},"end":{"line":14,"column":45}},"7":{"start":{"line":15,"column":12},"end":{"line":15,"column":26}},"8":{"start":{"line":19,"column":12},"end":{"line":19,"column":80}},"9":{"start":{"line":21,"column":12},"end":{"line":21,"column":37}},"10":{"start":{"line":22,"column":12},"end":{"line":22,"column":49}}},"branchMap":{"1":{"line":13,"type":"if","locations":[{"start":{"line":13,"column":8},"end":{"line":13,"column":8}},{"start":{"line":13,"column":8},"end":{"line":13,"column":8}}]}}},"/Users/asonawane/WebstormProjects/dbConn-Modules/lib/lookupApi.js":{"path":"/Users/asonawane/WebstormProjects/dbConn-Modules/lib/lookupApi.js","s":{"1":4,"2":4,"3":4,"4":4,"5":4,"6":2,"7":2,"8":2,"9":2,"10":1,"11":0,"12":0,"13":0},"b":{"1":[2,0],"2":[0,0]},"f":{"1":4,"2":2,"3":0},"fnMap":{"1":{"name":"(anonymous_1)","line":9,"loc":{"start":{"line":9,"column":10},"end":{"line":9,"column":28}}},"2":{"name":"(anonymous_2)","line":10,"loc":{"start":{"line":10,"column":35},"end":{"line":10,"column":64}}},"3":{"name":"callback","line":18,"loc":{"start":{"line":18,"column":12},"end":{"line":18,"column":57}}}},"statementMap":{"1":{"start":{"line":3,"column":0},"end":{"line":3,"column":44}},"2":{"start":{"line":4,"column":0},"end":{"line":4,"column":33}},"3":{"start":{"line":7,"column":0},"end":{"line":7,"column":14}},"4":{"start":{"line":8,"column":0},"end":{"line":28,"column":1}},"5":{"start":{"line":10,"column":8},"end":{"line":26,"column":11}},"6":{"start":{"line":12,"column":12},"end":{"line":12,"column":47}},"7":{"start":{"line":13,"column":12},"end":{"line":13,"column":56}},"8":{"start":{"line":14,"column":12},"end":{"line":14,"column":64}},"9":{"start":{"line":16,"column":12},"end":{"line":16,"column":55}},"10":{"start":{"line":18,"column":12},"end":{"line":25,"column":13}},"11":{"start":{"line":19,"column":16},"end":{"line":24,"column":17}},"12":{"start":{"line":20,"column":20},"end":{"line":20,"column":39}},"13":{"start":{"line":23,"column":20},"end":{"line":23,"column":72}}},"branchMap":{"1":{"line":14,"type":"cond-expr","locations":[{"start":{"line":14,"column":41},"end":{"line":14,"column":58}},{"start":{"line":14,"column":61},"end":{"line":14,"column":63}}]},"2":{"line":19,"type":"if","locations":[{"start":{"line":19,"column":16},"end":{"line":19,"column":16}},{"start":{"line":19,"column":16},"end":{"line":19,"column":16}}]}}},"/Users/asonawane/WebstormProjects/dbConn-Modules/lib/transformer.js":{"path":"/Users/asonawane/WebstormProjects/dbConn-Modules/lib/transformer.js","s":{"1":1,"2":2,"3":1,"4":1,"5":2,"6":2,"7":2,"8":1,"9":1,"10":1},"b":{"1":[1,1]},"f":{"1":2},"fnMap":{"1":{"name":"transformer","line":3,"loc":{"start":{"line":3,"column":18},"end":{"line":3,"column":61}}}},"statementMap":{"1":{"start":{"line":3,"column":0},"end":{"line":22,"column":2}},"2":{"start":{"line":6,"column":4},"end":{"line":21,"column":5}},"3":{"start":{"line":9,"column":8},"end":{"line":9,"column":26}},"4":{"start":{"line":11,"column":8},"end":{"line":15,"column":9}},"5":{"start":{"line":12,"column":12},"end":{"line":12,"column":40}},"6":{"start":{"line":13,"column":12},"end":{"line":13,"column":37}},"7":{"start":{"line":14,"column":12},"end":{"line":14,"column":36}},"8":{"start":{"line":16,"column":8},"end":{"line":16,"column":24}},"9":{"start":{"line":20,"column":8},"end":{"line":20,"column":21}},"10":{"start":{"line":23,"column":0},"end":{"line":23,"column":29}}},"branchMap":{"1":{"line":6,"type":"if","locations":[{"start":{"line":6,"column":4},"end":{"line":6,"column":4}},{"start":{"line":6,"column":4},"end":{"line":6,"column":4}}]}}}}