TN:
SF:/Users/asonawane/WebstormProjects/dbConn-Modules/lib/cbConnect.js
FN:6,(anonymous_1)
FNF:1
FNH:1
FNDA:1,(anonymous_1)
DA:3,1
DA:5,1
DA:6,1
DA:8,1
DA:9,1
DA:16,0
LF:6
LH:5
BRDA:8,1,0,1
BRDA:8,1,1,0
BRF:2
BRH:1
end_of_record
TN:
SF:/Users/asonawane/WebstormProjects/dbConn-Modules/lib/getDoc.js
FN:8,search
FN:10,(anonymous_2)
FNF:2
FNH:2
FNDA:3,search
FNDA:3,(anonymous_2)
DA:4,1
DA:8,1
DA:10,3
DA:11,3
DA:13,3
DA:14,2
DA:15,2
DA:19,1
DA:21,1
DA:22,1
LF:10
LH:10
BRDA:13,1,0,2
BRDA:13,1,1,1
BRF:2
BRH:2
end_of_record
TN:
SF:/Users/asonawane/WebstormProjects/dbConn-Modules/lib/lookupApi.js
FN:9,(anonymous_1)
FN:10,(anonymous_2)
FN:18,callback
FNF:3
FNH:2
FNDA:3,(anonymous_1)
FNDA:1,(anonymous_2)
FNDA:0,callback
DA:3,4
DA:4,4
DA:7,4
DA:8,4
DA:10,3
DA:12,1
DA:13,1
DA:14,1
DA:16,1
DA:18,1
DA:19,0
DA:20,0
DA:23,0
LF:13
LH:10
BRDA:14,1,0,1
BRDA:14,1,1,0
BRDA:19,2,0,0
BRDA:19,2,1,0
BRF:4
BRH:1
end_of_record
TN:
SF:/Users/asonawane/WebstormProjects/dbConn-Modules/lib/transformer.js
FN:3,transformer
FNF:1
FNH:1
FNDA:2,transformer
DA:3,5
DA:6,2
DA:9,1
DA:11,1
DA:12,2
DA:13,2
DA:14,2
DA:16,1
DA:20,1
DA:23,5
LF:10
LH:10
BRDA:6,1,0,1
BRDA:6,1,1,1
BRF:2
BRH:2
end_of_record
